<?xml version="1.0" encoding="UTF-8"?>
<!-- Generated by org.testng.reporters.JUnitReportReporter -->
<testsuite hostname="LAPTOP-K4EJHFJ8" failures="0" tests="1" name="com_OrnageHRM_Recruitment.delete_functionality" time="12.553" errors="0" timestamp="2023-05-29T13:17:09 IST" skipped="0">
  <testcase classname="com_OrnageHRM_Recruitment.delete_functionality" name="add" time="12.553"/>
  <system-out/>
</testsuite> <!-- com_OrnageHRM_Recruitment.delete_functionality -->
