<?xml version="1.0" encoding="UTF-8"?>
<!-- Generated by org.testng.reporters.JUnitReportReporter -->
<testsuite hostname="LAPTOP-K4EJHFJ8" failures="0" tests="1" name="com_selenium_practice.Check_TestBox" time="11.672" errors="0" timestamp="2023-05-13T20:47:17 IST" skipped="0">
  <testcase classname="com_selenium_practice.Check_TestBox" name="TestBox" time="11.672"/>
  <system-out/>
</testsuite> <!-- com_selenium_practice.Check_TestBox -->
