<?xml version="1.0" encoding="UTF-8"?>
<!-- Generated by org.testng.reporters.JUnitReportReporter -->
<testsuite hostname="LAPTOP-K4EJHFJ8" failures="0" tests="2" name="com_OrnageHRM_Recruitment.vacancies_Delete_Functionality" time="32.598" errors="0" timestamp="2023-05-30T01:26:30 IST" skipped="0">
  <testcase classname="com_OrnageHRM_Recruitment.vacancies_Delete_Functionality" name="YesDeleteSingleVacancy" time="16.969"/>
  <system-out/>
  <testcase classname="com_OrnageHRM_Recruitment.vacancies_Delete_Functionality" name="NoCancelDeleteSingleVacancy" time="15.629"/>
  <system-out/>
</testsuite> <!-- com_OrnageHRM_Recruitment.vacancies_Delete_Functionality -->
