<?xml version="1.0" encoding="UTF-8"?>
<!-- Generated by org.testng.reporters.JUnitReportReporter -->
<testsuite hostname="LAPTOP-K4EJHFJ8" failures="0" tests="1" name="com_OrnageHRM_Recruitment.vacancies_Search_Functionality" time="17.890" errors="0" timestamp="2023-05-29T19:43:01 IST" skipped="0">
  <testcase classname="com_OrnageHRM_Recruitment.vacancies_Search_Functionality" name="f" time="17.890"/>
  <system-out/>
</testsuite> <!-- com_OrnageHRM_Recruitment.vacancies_Search_Functionality -->
