<?xml version="1.0" encoding="UTF-8"?>
<!-- Generated by org.testng.reporters.JUnitReportReporter -->
<testsuite hostname="LAPTOP-K4EJHFJ8" failures="0" tests="1" name="com_OrnageHRM_Recruitment.vacancies_Add_Functionality" time="20.292" errors="0" timestamp="2023-05-29T23:31:47 IST" skipped="0">
  <testcase classname="com_OrnageHRM_Recruitment.vacancies_Add_Functionality" name="f" time="20.292"/>
  <system-out/>
</testsuite> <!-- com_OrnageHRM_Recruitment.vacancies_Add_Functionality -->
